{"/Users/jocole/repos/react-basic-router/index.js":{"path":"/Users/jocole/repos/react-basic-router/index.js","s":{"1":1,"2":1,"3":3,"4":13,"5":13,"6":13,"7":13,"8":13,"9":13,"10":1,"11":3,"12":3,"13":3,"14":0,"15":3,"16":1,"17":1,"18":1,"19":1,"20":1,"21":2,"22":1,"23":30,"24":0,"25":1,"26":30,"27":0,"28":30,"29":1,"30":3,"31":0,"32":3,"33":3,"34":3,"35":1,"36":1,"37":1,"38":1,"39":1,"40":6,"41":6,"42":6,"43":6,"44":6,"45":6,"46":6,"47":6,"48":6,"49":6,"50":6,"51":3,"52":6,"53":1,"54":6,"55":6,"56":6,"57":6,"58":6,"59":6,"60":6,"61":6,"62":12,"63":1,"64":1,"65":1,"66":1,"67":1,"68":18,"69":18,"70":18,"71":12,"72":12,"73":12,"74":3,"75":12,"76":3,"77":18,"78":18,"79":18,"80":1,"81":12,"82":12,"83":12,"84":12,"85":24,"86":24,"87":12,"88":24,"89":2,"90":24,"91":3,"92":3,"93":3,"94":3,"95":27,"96":6,"97":21,"98":1,"99":1,"100":1,"101":1,"102":1,"103":1,"104":6,"105":6,"106":6,"107":21,"108":6,"109":6,"110":1,"111":6,"112":6,"113":6,"114":6,"115":3,"116":3,"117":3,"118":1,"119":1,"120":1},"b":{"1":[13,13],"2":[13,0],"3":[3,0],"4":[0,3],"5":[0,2],"6":[2,2],"7":[0,30],"8":[0,30],"9":[6,24],"10":[30,6,0],"11":[0,3],"12":[3,0],"13":[3,3],"14":[3,0],"15":[3,0],"16":[6,0],"17":[6,0],"18":[18,0],"19":[12,0],"20":[3,9],"21":[3,9],"22":[12,12],"23":[24,12],"24":[2,22],"25":[24,4],"26":[6,21],"27":[6,0],"28":[6,15]},"f":{"1":1,"2":3,"3":3,"4":2,"5":30,"6":30,"7":3,"8":1,"9":6,"10":6,"11":6,"12":3,"13":6,"14":6,"15":6,"16":6,"17":12,"18":1,"19":18,"20":12,"21":12,"22":12,"23":24,"24":3,"25":27,"26":1,"27":6,"28":21,"29":6,"30":6,"31":3},"fnMap":{"1":{"name":"(anonymous_1)","line":5,"loc":{"start":{"line":5,"column":19},"end":{"line":5,"column":31}}},"2":{"name":"defineProperties","line":5,"loc":{"start":{"line":5,"column":33},"end":{"line":5,"column":74}}},"3":{"name":"(anonymous_3)","line":5,"loc":{"start":{"line":5,"column":357},"end":{"line":5,"column":405}}},"4":{"name":"_interopRequireDefault","line":15,"loc":{"start":{"line":15,"column":0},"end":{"line":15,"column":37}}},"5":{"name":"_classCallCheck","line":17,"loc":{"start":{"line":17,"column":0},"end":{"line":17,"column":48}}},"6":{"name":"_possibleConstructorReturn","line":19,"loc":{"start":{"line":19,"column":0},"end":{"line":19,"column":48}}},"7":{"name":"_inherits","line":21,"loc":{"start":{"line":21,"column":0},"end":{"line":21,"column":41}}},"8":{"name":"(anonymous_8)","line":32,"loc":{"start":{"line":32,"column":13},"end":{"line":32,"column":41}}},"9":{"name":"Router","line":35,"loc":{"start":{"line":35,"column":2},"end":{"line":35,"column":20}}},"10":{"name":"(anonymous_10)","line":42,"loc":{"start":{"line":42,"column":29},"end":{"line":42,"column":41}}},"11":{"name":"(anonymous_11)","line":47,"loc":{"start":{"line":47,"column":11},"end":{"line":47,"column":23}}},"12":{"name":"(anonymous_12)","line":55,"loc":{"start":{"line":55,"column":28},"end":{"line":55,"column":40}}},"13":{"name":"getHash","line":63,"loc":{"start":{"line":63,"column":11},"end":{"line":63,"column":30}}},"14":{"name":"componentDidMount","line":68,"loc":{"start":{"line":68,"column":11},"end":{"line":68,"column":40}}},"15":{"name":"componentWillMount","line":73,"loc":{"start":{"line":73,"column":11},"end":{"line":73,"column":41}}},"16":{"name":"componentWillUnmount","line":80,"loc":{"start":{"line":80,"column":11},"end":{"line":80,"column":43}}},"17":{"name":"render","line":87,"loc":{"start":{"line":87,"column":11},"end":{"line":87,"column":29}}},"18":{"name":"(anonymous_18)","line":101,"loc":{"start":{"line":101,"column":12},"end":{"line":101,"column":41}}},"19":{"name":"Route","line":104,"loc":{"start":{"line":104,"column":2},"end":{"line":104,"column":19}}},"20":{"name":"(anonymous_20)","line":111,"loc":{"start":{"line":111,"column":30},"end":{"line":111,"column":46}}},"21":{"name":"componentDidMount","line":135,"loc":{"start":{"line":135,"column":11},"end":{"line":135,"column":40}}},"22":{"name":"componentWillUnmount","line":141,"loc":{"start":{"line":141,"column":11},"end":{"line":141,"column":43}}},"23":{"name":"getBaseHash","line":147,"loc":{"start":{"line":147,"column":11},"end":{"line":147,"column":38}}},"24":{"name":"getComponentProps","line":162,"loc":{"start":{"line":162,"column":11},"end":{"line":162,"column":40}}},"25":{"name":"render","line":170,"loc":{"start":{"line":170,"column":11},"end":{"line":170,"column":29}}},"26":{"name":"(anonymous_26)","line":190,"loc":{"start":{"line":190,"column":17},"end":{"line":190,"column":35}}},"27":{"name":"ErrorRoute","line":193,"loc":{"start":{"line":193,"column":2},"end":{"line":193,"column":24}}},"28":{"name":"(anonymous_28)","line":198,"loc":{"start":{"line":198,"column":35},"end":{"line":198,"column":51}}},"29":{"name":"componentDidMount","line":210,"loc":{"start":{"line":210,"column":11},"end":{"line":210,"column":40}}},"30":{"name":"componentWillUnmount","line":216,"loc":{"start":{"line":216,"column":11},"end":{"line":216,"column":43}}},"31":{"name":"getComponentProps","line":222,"loc":{"start":{"line":222,"column":11},"end":{"line":222,"column":40}}}},"statementMap":{"1":{"start":{"line":5,"column":0},"end":{"line":5,"column":564}},"2":{"start":{"line":5,"column":33},"end":{"line":5,"column":349}},"3":{"start":{"line":5,"column":76},"end":{"line":5,"column":347}},"4":{"start":{"line":5,"column":117},"end":{"line":5,"column":143}},"5":{"start":{"line":5,"column":144},"end":{"line":5,"column":199}},"6":{"start":{"line":5,"column":200},"end":{"line":5,"column":231}},"7":{"start":{"line":5,"column":232},"end":{"line":5,"column":286}},"8":{"start":{"line":5,"column":259},"end":{"line":5,"column":286}},"9":{"start":{"line":5,"column":287},"end":{"line":5,"column":345}},"10":{"start":{"line":5,"column":350},"end":{"line":5,"column":559}},"11":{"start":{"line":5,"column":407},"end":{"line":5,"column":475}},"12":{"start":{"line":5,"column":423},"end":{"line":5,"column":475}},"13":{"start":{"line":5,"column":476},"end":{"line":5,"column":536}},"14":{"start":{"line":5,"column":493},"end":{"line":5,"column":536}},"15":{"start":{"line":5,"column":537},"end":{"line":5,"column":556}},"16":{"start":{"line":7,"column":0},"end":{"line":7,"column":30}},"17":{"start":{"line":9,"column":0},"end":{"line":9,"column":45}},"18":{"start":{"line":11,"column":0},"end":{"line":11,"column":39}},"19":{"start":{"line":13,"column":0},"end":{"line":13,"column":53}},"20":{"start":{"line":15,"column":0},"end":{"line":15,"column":95}},"21":{"start":{"line":15,"column":39},"end":{"line":15,"column":93}},"22":{"start":{"line":17,"column":0},"end":{"line":17,"column":153}},"23":{"start":{"line":17,"column":50},"end":{"line":17,"column":151}},"24":{"start":{"line":17,"column":92},"end":{"line":17,"column":149}},"25":{"start":{"line":19,"column":0},"end":{"line":19,"column":240}},"26":{"start":{"line":19,"column":50},"end":{"line":19,"column":151}},"27":{"start":{"line":19,"column":63},"end":{"line":19,"column":149}},"28":{"start":{"line":19,"column":152},"end":{"line":19,"column":238}},"29":{"start":{"line":21,"column":0},"end":{"line":21,"column":494}},"30":{"start":{"line":21,"column":43},"end":{"line":21,"column":208}},"31":{"start":{"line":21,"column":106},"end":{"line":21,"column":206}},"32":{"start":{"line":21,"column":209},"end":{"line":21,"column":373}},"33":{"start":{"line":21,"column":374},"end":{"line":21,"column":492}},"34":{"start":{"line":21,"column":390},"end":{"line":21,"column":492}},"35":{"start":{"line":24,"column":0},"end":{"line":24,"column":37}},"36":{"start":{"line":25,"column":0},"end":{"line":25,"column":39}},"37":{"start":{"line":32,"column":0},"end":{"line":97,"column":29}},"38":{"start":{"line":33,"column":2},"end":{"line":33,"column":38}},"39":{"start":{"line":35,"column":2},"end":{"line":59,"column":3}},"40":{"start":{"line":36,"column":4},"end":{"line":36,"column":34}},"41":{"start":{"line":38,"column":4},"end":{"line":38,"column":113}},"42":{"start":{"line":40,"column":4},"end":{"line":40,"column":29}},"43":{"start":{"line":42,"column":4},"end":{"line":53,"column":6}},"44":{"start":{"line":43,"column":6},"end":{"line":52,"column":7}},"45":{"start":{"line":44,"column":8},"end":{"line":44,"column":35}},"46":{"start":{"line":45,"column":8},"end":{"line":51,"column":11}},"47":{"start":{"line":48,"column":10},"end":{"line":48,"column":34}},"48":{"start":{"line":49,"column":10},"end":{"line":49,"column":50}},"49":{"start":{"line":50,"column":10},"end":{"line":50,"column":66}},"50":{"start":{"line":55,"column":4},"end":{"line":57,"column":6}},"51":{"start":{"line":56,"column":6},"end":{"line":56,"column":29}},"52":{"start":{"line":58,"column":4},"end":{"line":58,"column":17}},"53":{"start":{"line":61,"column":2},"end":{"line":94,"column":6}},"54":{"start":{"line":64,"column":6},"end":{"line":64,"column":34}},"55":{"start":{"line":69,"column":6},"end":{"line":69,"column":30}},"56":{"start":{"line":74,"column":6},"end":{"line":74,"column":67}},"57":{"start":{"line":75,"column":6},"end":{"line":75,"column":58}},"58":{"start":{"line":76,"column":6},"end":{"line":76,"column":29}},"59":{"start":{"line":81,"column":6},"end":{"line":81,"column":30}},"60":{"start":{"line":82,"column":6},"end":{"line":82,"column":70}},"61":{"start":{"line":83,"column":6},"end":{"line":83,"column":70}},"62":{"start":{"line":88,"column":6},"end":{"line":92,"column":8}},"63":{"start":{"line":96,"column":2},"end":{"line":96,"column":16}},"64":{"start":{"line":99,"column":0},"end":{"line":99,"column":24}},"65":{"start":{"line":101,"column":0},"end":{"line":180,"column":29}},"66":{"start":{"line":102,"column":2},"end":{"line":102,"column":38}},"67":{"start":{"line":104,"column":2},"end":{"line":131,"column":3}},"68":{"start":{"line":105,"column":4},"end":{"line":105,"column":33}},"69":{"start":{"line":109,"column":4},"end":{"line":109,"column":112}},"70":{"start":{"line":111,"column":4},"end":{"line":124,"column":6}},"71":{"start":{"line":112,"column":6},"end":{"line":123,"column":7}},"72":{"start":{"line":113,"column":8},"end":{"line":113,"column":85}},"73":{"start":{"line":114,"column":8},"end":{"line":116,"column":9}},"74":{"start":{"line":115,"column":10},"end":{"line":115,"column":42}},"75":{"start":{"line":118,"column":8},"end":{"line":122,"column":9}},"76":{"start":{"line":119,"column":10},"end":{"line":121,"column":13}},"77":{"start":{"line":126,"column":4},"end":{"line":126,"column":30}},"78":{"start":{"line":127,"column":4},"end":{"line":129,"column":6}},"79":{"start":{"line":130,"column":4},"end":{"line":130,"column":18}},"80":{"start":{"line":133,"column":2},"end":{"line":177,"column":6}},"81":{"start":{"line":136,"column":6},"end":{"line":136,"column":61}},"82":{"start":{"line":137,"column":6},"end":{"line":137,"column":29}},"83":{"start":{"line":142,"column":6},"end":{"line":142,"column":30}},"84":{"start":{"line":143,"column":6},"end":{"line":143,"column":73}},"85":{"start":{"line":148,"column":6},"end":{"line":148,"column":43}},"86":{"start":{"line":150,"column":6},"end":{"line":152,"column":7}},"87":{"start":{"line":151,"column":8},"end":{"line":151,"column":27}},"88":{"start":{"line":154,"column":6},"end":{"line":156,"column":7}},"89":{"start":{"line":155,"column":8},"end":{"line":155,"column":49}},"90":{"start":{"line":158,"column":6},"end":{"line":158,"column":18}},"91":{"start":{"line":163,"column":6},"end":{"line":163,"column":48}},"92":{"start":{"line":164,"column":6},"end":{"line":164,"column":24}},"93":{"start":{"line":165,"column":6},"end":{"line":165,"column":29}},"94":{"start":{"line":166,"column":6},"end":{"line":166,"column":19}},"95":{"start":{"line":171,"column":6},"end":{"line":175,"column":7}},"96":{"start":{"line":172,"column":8},"end":{"line":172,"column":93}},"97":{"start":{"line":174,"column":8},"end":{"line":174,"column":58}},"98":{"start":{"line":179,"column":2},"end":{"line":179,"column":15}},"99":{"start":{"line":182,"column":0},"end":{"line":186,"column":2}},"100":{"start":{"line":188,"column":0},"end":{"line":188,"column":22}},"101":{"start":{"line":190,"column":0},"end":{"line":230,"column":9}},"102":{"start":{"line":191,"column":2},"end":{"line":191,"column":32}},"103":{"start":{"line":193,"column":2},"end":{"line":206,"column":3}},"104":{"start":{"line":194,"column":4},"end":{"line":194,"column":38}},"105":{"start":{"line":196,"column":4},"end":{"line":196,"column":122}},"106":{"start":{"line":198,"column":4},"end":{"line":204,"column":6}},"107":{"start":{"line":199,"column":6},"end":{"line":203,"column":7}},"108":{"start":{"line":200,"column":8},"end":{"line":202,"column":11}},"109":{"start":{"line":205,"column":4},"end":{"line":205,"column":18}},"110":{"start":{"line":208,"column":2},"end":{"line":227,"column":6}},"111":{"start":{"line":211,"column":6},"end":{"line":211,"column":81}},"112":{"start":{"line":212,"column":6},"end":{"line":212,"column":29}},"113":{"start":{"line":217,"column":6},"end":{"line":217,"column":30}},"114":{"start":{"line":218,"column":6},"end":{"line":218,"column":93}},"115":{"start":{"line":223,"column":6},"end":{"line":223,"column":48}},"116":{"start":{"line":224,"column":6},"end":{"line":224,"column":29}},"117":{"start":{"line":225,"column":6},"end":{"line":225,"column":19}},"118":{"start":{"line":229,"column":2},"end":{"line":229,"column":20}},"119":{"start":{"line":232,"column":0},"end":{"line":234,"column":2}},"120":{"start":{"line":236,"column":0},"end":{"line":236,"column":32}}},"branchMap":{"1":{"line":5,"type":"binary-expr","locations":[{"start":{"line":5,"column":168},"end":{"line":5,"column":189}},{"start":{"line":5,"column":193},"end":{"line":5,"column":198}}]},"2":{"line":5,"type":"if","locations":[{"start":{"line":5,"column":232},"end":{"line":5,"column":232}},{"start":{"line":5,"column":232},"end":{"line":5,"column":232}}]},"3":{"line":5,"type":"if","locations":[{"start":{"line":5,"column":407},"end":{"line":5,"column":407}},{"start":{"line":5,"column":407},"end":{"line":5,"column":407}}]},"4":{"line":5,"type":"if","locations":[{"start":{"line":5,"column":476},"end":{"line":5,"column":476}},{"start":{"line":5,"column":476},"end":{"line":5,"column":476}}]},"5":{"line":15,"type":"cond-expr","locations":[{"start":{"line":15,"column":70},"end":{"line":15,"column":73}},{"start":{"line":15,"column":76},"end":{"line":15,"column":92}}]},"6":{"line":15,"type":"binary-expr","locations":[{"start":{"line":15,"column":46},"end":{"line":15,"column":49}},{"start":{"line":15,"column":53},"end":{"line":15,"column":67}}]},"7":{"line":17,"type":"if","locations":[{"start":{"line":17,"column":50},"end":{"line":17,"column":50}},{"start":{"line":17,"column":50},"end":{"line":17,"column":50}}]},"8":{"line":19,"type":"if","locations":[{"start":{"line":19,"column":50},"end":{"line":19,"column":50}},{"start":{"line":19,"column":50},"end":{"line":19,"column":50}}]},"9":{"line":19,"type":"cond-expr","locations":[{"start":{"line":19,"column":226},"end":{"line":19,"column":230}},{"start":{"line":19,"column":233},"end":{"line":19,"column":237}}]},"10":{"line":19,"type":"binary-expr","locations":[{"start":{"line":19,"column":159},"end":{"line":19,"column":163}},{"start":{"line":19,"column":168},"end":{"line":19,"column":192}},{"start":{"line":19,"column":196},"end":{"line":19,"column":222}}]},"11":{"line":21,"type":"if","locations":[{"start":{"line":21,"column":43},"end":{"line":21,"column":43}},{"start":{"line":21,"column":43},"end":{"line":21,"column":43}}]},"12":{"line":21,"type":"binary-expr","locations":[{"start":{"line":21,"column":47},"end":{"line":21,"column":79}},{"start":{"line":21,"column":83},"end":{"line":21,"column":102}}]},"13":{"line":21,"type":"binary-expr","locations":[{"start":{"line":21,"column":244},"end":{"line":21,"column":254}},{"start":{"line":21,"column":258},"end":{"line":21,"column":278}}]},"14":{"line":21,"type":"if","locations":[{"start":{"line":21,"column":374},"end":{"line":21,"column":374}},{"start":{"line":21,"column":374},"end":{"line":21,"column":374}}]},"15":{"line":21,"type":"cond-expr","locations":[{"start":{"line":21,"column":414},"end":{"line":21,"column":457}},{"start":{"line":21,"column":460},"end":{"line":21,"column":491}}]},"16":{"line":38,"type":"binary-expr","locations":[{"start":{"line":38,"column":50},"end":{"line":38,"column":66}},{"start":{"line":38,"column":70},"end":{"line":38,"column":99}}]},"17":{"line":43,"type":"if","locations":[{"start":{"line":43,"column":6},"end":{"line":43,"column":6}},{"start":{"line":43,"column":6},"end":{"line":43,"column":6}}]},"18":{"line":109,"type":"binary-expr","locations":[{"start":{"line":109,"column":51},"end":{"line":109,"column":66}},{"start":{"line":109,"column":70},"end":{"line":109,"column":98}}]},"19":{"line":112,"type":"if","locations":[{"start":{"line":112,"column":6},"end":{"line":112,"column":6}},{"start":{"line":112,"column":6},"end":{"line":112,"column":6}}]},"20":{"line":114,"type":"if","locations":[{"start":{"line":114,"column":8},"end":{"line":114,"column":8}},{"start":{"line":114,"column":8},"end":{"line":114,"column":8}}]},"21":{"line":118,"type":"if","locations":[{"start":{"line":118,"column":8},"end":{"line":118,"column":8}},{"start":{"line":118,"column":8},"end":{"line":118,"column":8}}]},"22":{"line":150,"type":"if","locations":[{"start":{"line":150,"column":6},"end":{"line":150,"column":6}},{"start":{"line":150,"column":6},"end":{"line":150,"column":6}}]},"23":{"line":150,"type":"binary-expr","locations":[{"start":{"line":150,"column":10},"end":{"line":150,"column":34}},{"start":{"line":150,"column":38},"end":{"line":150,"column":57}}]},"24":{"line":154,"type":"if","locations":[{"start":{"line":154,"column":6},"end":{"line":154,"column":6}},{"start":{"line":154,"column":6},"end":{"line":154,"column":6}}]},"25":{"line":154,"type":"binary-expr","locations":[{"start":{"line":154,"column":10},"end":{"line":154,"column":32}},{"start":{"line":154,"column":36},"end":{"line":154,"column":47}}]},"26":{"line":171,"type":"if","locations":[{"start":{"line":171,"column":6},"end":{"line":171,"column":6}},{"start":{"line":171,"column":6},"end":{"line":171,"column":6}}]},"27":{"line":196,"type":"binary-expr","locations":[{"start":{"line":196,"column":51},"end":{"line":196,"column":71}},{"start":{"line":196,"column":75},"end":{"line":196,"column":108}}]},"28":{"line":199,"type":"if","locations":[{"start":{"line":199,"column":6},"end":{"line":199,"column":6}},{"start":{"line":199,"column":6},"end":{"line":199,"column":6}}]}}}}