TN:
SF:/Users/jocole/repos/react-basic-router/index.js
FN:5,(anonymous_1)
FN:5,defineProperties
FN:5,(anonymous_3)
FN:15,_interopRequireDefault
FN:17,_classCallCheck
FN:19,_possibleConstructorReturn
FN:21,_inherits
FN:32,(anonymous_8)
FN:35,Router
FN:42,(anonymous_10)
FN:47,(anonymous_11)
FN:55,(anonymous_12)
FN:63,getHash
FN:68,componentDidMount
FN:73,componentWillMount
FN:80,componentWillUnmount
FN:87,render
FN:101,(anonymous_18)
FN:104,Route
FN:111,(anonymous_20)
FN:135,componentDidMount
FN:141,componentWillUnmount
FN:147,getBaseHash
FN:162,getComponentProps
FN:170,render
FN:190,(anonymous_26)
FN:193,ErrorRoute
FN:198,(anonymous_28)
FN:210,componentDidMount
FN:216,componentWillUnmount
FN:222,getComponentProps
FNF:31
FNH:31
FNDA:1,(anonymous_1)
FNDA:3,defineProperties
FNDA:3,(anonymous_3)
FNDA:2,_interopRequireDefault
FNDA:30,_classCallCheck
FNDA:30,_possibleConstructorReturn
FNDA:3,_inherits
FNDA:1,(anonymous_8)
FNDA:6,Router
FNDA:6,(anonymous_10)
FNDA:6,(anonymous_11)
FNDA:3,(anonymous_12)
FNDA:6,getHash
FNDA:6,componentDidMount
FNDA:6,componentWillMount
FNDA:6,componentWillUnmount
FNDA:12,render
FNDA:1,(anonymous_18)
FNDA:18,Route
FNDA:12,(anonymous_20)
FNDA:12,componentDidMount
FNDA:12,componentWillUnmount
FNDA:24,getBaseHash
FNDA:3,getComponentProps
FNDA:27,render
FNDA:1,(anonymous_26)
FNDA:6,ErrorRoute
FNDA:21,(anonymous_28)
FNDA:6,componentDidMount
FNDA:6,componentWillUnmount
FNDA:3,getComponentProps
DA:5,13
DA:7,1
DA:9,1
DA:11,1
DA:13,1
DA:15,2
DA:17,30
DA:19,30
DA:21,3
DA:24,1
DA:25,1
DA:32,1
DA:33,1
DA:35,1
DA:36,6
DA:38,6
DA:40,6
DA:42,6
DA:43,6
DA:44,6
DA:45,6
DA:48,6
DA:49,6
DA:50,6
DA:55,6
DA:56,3
DA:58,6
DA:61,1
DA:64,6
DA:69,6
DA:74,6
DA:75,6
DA:76,6
DA:81,6
DA:82,6
DA:83,6
DA:88,12
DA:96,1
DA:99,1
DA:101,1
DA:102,1
DA:104,1
DA:105,18
DA:109,18
DA:111,18
DA:112,12
DA:113,12
DA:114,12
DA:115,3
DA:118,12
DA:119,3
DA:126,18
DA:127,18
DA:130,18
DA:133,1
DA:136,12
DA:137,12
DA:142,12
DA:143,12
DA:148,24
DA:150,24
DA:151,12
DA:154,24
DA:155,2
DA:158,24
DA:163,3
DA:164,3
DA:165,3
DA:166,3
DA:171,27
DA:172,6
DA:174,21
DA:179,1
DA:182,1
DA:188,1
DA:190,1
DA:191,1
DA:193,1
DA:194,6
DA:196,6
DA:198,6
DA:199,21
DA:200,6
DA:205,6
DA:208,1
DA:211,6
DA:212,6
DA:217,6
DA:218,6
DA:223,3
DA:224,3
DA:225,3
DA:229,1
DA:232,1
DA:236,1
LF:95
LH:95
BRDA:5,1,0,13
BRDA:5,1,1,13
BRDA:5,2,0,13
BRDA:5,2,1,0
BRDA:5,3,0,3
BRDA:5,3,1,0
BRDA:5,4,0,0
BRDA:5,4,1,3
BRDA:15,5,0,0
BRDA:15,5,1,2
BRDA:15,6,0,2
BRDA:15,6,1,2
BRDA:17,7,0,0
BRDA:17,7,1,30
BRDA:19,8,0,0
BRDA:19,8,1,30
BRDA:19,9,0,6
BRDA:19,9,1,24
BRDA:19,10,0,30
BRDA:19,10,1,6
BRDA:19,10,2,0
BRDA:21,11,0,0
BRDA:21,11,1,3
BRDA:21,12,0,3
BRDA:21,12,1,0
BRDA:21,13,0,3
BRDA:21,13,1,3
BRDA:21,14,0,3
BRDA:21,14,1,0
BRDA:21,15,0,3
BRDA:21,15,1,0
BRDA:38,16,0,6
BRDA:38,16,1,0
BRDA:43,17,0,6
BRDA:43,17,1,0
BRDA:109,18,0,18
BRDA:109,18,1,0
BRDA:112,19,0,12
BRDA:112,19,1,0
BRDA:114,20,0,3
BRDA:114,20,1,9
BRDA:118,21,0,3
BRDA:118,21,1,9
BRDA:150,22,0,12
BRDA:150,22,1,12
BRDA:150,23,0,24
BRDA:150,23,1,12
BRDA:154,24,0,2
BRDA:154,24,1,22
BRDA:154,25,0,24
BRDA:154,25,1,4
BRDA:171,26,0,6
BRDA:171,26,1,21
BRDA:196,27,0,6
BRDA:196,27,1,0
BRDA:199,28,0,6
BRDA:199,28,1,15
BRF:57
BRH:41
end_of_record
